<?xml version="1.0" encoding="UTF-8"?>
<!-- Generated by org.testng.reporters.JUnitReportReporter -->
<testsuite hostname="ROMC02V60DHG8WL" failures="0" tests="14" name="com.hotels.beans.conversion.analyzer.ConversionAnalyzerTest" time="0.001" errors="0" timestamp="16 Jul 2019 14:34:56 GMT" skipped="0">
  <testcase classname="com.hotels.beans.conversion.analyzer.ConversionAnalyzerTest" name="testGetConversionFunctionReturnsAnEmptyOptional" time="0.000"/>
  <testcase classname="com.hotels.beans.conversion.analyzer.ConversionAnalyzerTest" name="testGetConversionFunctionReturnsTheExpectedConversionFunction" time="0.000"/>
  <testcase classname="com.hotels.beans.conversion.analyzer.ConversionAnalyzerTest" name="testGetConversionFunctionReturnsTheExpectedConversionFunction" time="0.000"/>
  <testcase classname="com.hotels.beans.conversion.analyzer.ConversionAnalyzerTest" name="testGetConversionFunctionReturnsAnEmptyOptional" time="0.000"/>
  <testcase classname="com.hotels.beans.conversion.analyzer.ConversionAnalyzerTest" name="testGetConversionFunctionReturnsTheExpectedConversionFunction" time="0.000"/>
  <testcase classname="com.hotels.beans.conversion.analyzer.ConversionAnalyzerTest" name="testGetConversionFunctionReturnsAnEmptyOptional" time="0.000"/>
  <testcase classname="com.hotels.beans.conversion.analyzer.ConversionAnalyzerTest" name="testGetConversionFunctionReturnsTheExpectedConversionFunction" time="0.000"/>
  <testcase classname="com.hotels.beans.conversion.analyzer.ConversionAnalyzerTest" name="testGetConversionFunctionReturnsTheExpectedConversionFunction" time="0.000"/>
  <testcase classname="com.hotels.beans.conversion.analyzer.ConversionAnalyzerTest" name="testGetConversionFunctionReturnsTheExpectedConversionFunction" time="0.000"/>
  <testcase classname="com.hotels.beans.conversion.analyzer.ConversionAnalyzerTest" name="testGetConversionFunctionReturnsTheExpectedConversionFunction" time="0.001"/>
  <testcase classname="com.hotels.beans.conversion.analyzer.ConversionAnalyzerTest" name="testGetConversionFunctionReturnsTheExpectedConversionFunction" time="0.000"/>
  <testcase classname="com.hotels.beans.conversion.analyzer.ConversionAnalyzerTest" name="testGetConversionFunctionReturnsTheExpectedConversionFunction" time="0.000"/>
  <testcase classname="com.hotels.beans.conversion.analyzer.ConversionAnalyzerTest" name="testGetConversionFunctionReturnsTheExpectedConversionFunction" time="0.000"/>
  <testcase classname="com.hotels.beans.conversion.analyzer.ConversionAnalyzerTest" name="testGetConversionFunctionReturnsAnEmptyOptional" time="0.000"/>
</testsuite> <!-- com.hotels.beans.conversion.analyzer.ConversionAnalyzerTest -->
