<?xml version="1.0" encoding="UTF-8"?>
<!-- Generated by org.testng.reporters.JUnitReportReporter -->
<testsuite hostname="ROMC02V60DHG8WL" failures="0" tests="9" name="com.hotels.beans.conversion.processor.impl.StringConversionProcessorTest" time="0.001" errors="0" timestamp="16 Jul 2019 14:34:56 GMT" skipped="0">
  <testcase classname="com.hotels.beans.conversion.processor.impl.StringConversionProcessorTest" name="testConvertLongShouldReturnProperResult" time="0.000"/>
  <testcase classname="com.hotels.beans.conversion.processor.impl.StringConversionProcessorTest" name="testConvertDoubleShouldReturnProperResult" time="0.000"/>
  <testcase classname="com.hotels.beans.conversion.processor.impl.StringConversionProcessorTest" name="testConvertCharacterShouldReturnProperResult" time="0.000"/>
  <testcase classname="com.hotels.beans.conversion.processor.impl.StringConversionProcessorTest" name="testConvertByteShouldReturnProperResult" time="0.000"/>
  <testcase classname="com.hotels.beans.conversion.processor.impl.StringConversionProcessorTest" name="testConvertBooleanShouldReturnProperResult" time="0.001"/>
  <testcase classname="com.hotels.beans.conversion.processor.impl.StringConversionProcessorTest" name="testConvertIntegerShouldReturnProperResult" time="0.000"/>
  <testcase classname="com.hotels.beans.conversion.processor.impl.StringConversionProcessorTest" name="testConvertStringShouldReturnProperResult" time="0.000"/>
  <testcase classname="com.hotels.beans.conversion.processor.impl.StringConversionProcessorTest" name="testConvertShortShouldReturnProperResult" time="0.000"/>
  <testcase classname="com.hotels.beans.conversion.processor.impl.StringConversionProcessorTest" name="testConvertFloatShouldReturnProperResult" time="0.000"/>
</testsuite> <!-- com.hotels.beans.conversion.processor.impl.StringConversionProcessorTest -->
