<?xml version="1.0" encoding="UTF-8"?>
<!-- Generated by org.testng.reporters.JUnitReportReporter -->
<testsuite hostname="ROMC02V60DHG8WL" failures="0" tests="95" name="com.hotels.beans.conversion.ConverterTest" time="0.093" errors="0" timestamp="16 Jul 2019 14:34:56 GMT" skipped="0">
  <testcase classname="com.hotels.beans.conversion.ConverterTest" name="testConvertValueWorksProperly" time="0.001"/>
  <testcase classname="com.hotels.beans.conversion.ConverterTest" name="testConvertValueWorksProperly" time="0.001"/>
  <testcase classname="com.hotels.beans.conversion.ConverterTest" name="testConvertValueWorksProperly" time="0.001"/>
  <testcase classname="com.hotels.beans.conversion.ConverterTest" name="testConvertValueWorksProperly" time="0.000"/>
  <testcase classname="com.hotels.beans.conversion.ConverterTest" name="testConvertValueRaisesExceptionIfItsCalledWithNullTargetClassParam" time="0.001"/>
  <testcase classname="com.hotels.beans.conversion.ConverterTest" name="testConvertValueWorksProperly" time="0.000"/>
  <testcase classname="com.hotels.beans.conversion.ConverterTest" name="testConvertValueWorksProperly" time="0.000"/>
  <testcase classname="com.hotels.beans.conversion.ConverterTest" name="testConvertValueWorksProperly" time="0.000"/>
  <testcase classname="com.hotels.beans.conversion.ConverterTest" name="testConvertValueWorksProperly" time="0.003"/>
  <testcase classname="com.hotels.beans.conversion.ConverterTest" name="testGetConversionFunctionReturnsTheExpectedConversionFunction" time="0.000"/>
  <testcase classname="com.hotels.beans.conversion.ConverterTest" name="testConvertValueWorksProperly" time="0.001"/>
  <testcase classname="com.hotels.beans.conversion.ConverterTest" name="testConvertValueWorksProperly" time="0.002"/>
  <testcase classname="com.hotels.beans.conversion.ConverterTest" name="testConvertValueWorksProperly" time="0.001"/>
  <testcase classname="com.hotels.beans.conversion.ConverterTest" name="testConvertValueWorksProperly" time="0.000"/>
  <testcase classname="com.hotels.beans.conversion.ConverterTest" name="testConvertValueWorksProperly" time="0.000"/>
  <testcase classname="com.hotels.beans.conversion.ConverterTest" name="testConvertValueWorksProperly" time="0.002"/>
  <testcase classname="com.hotels.beans.conversion.ConverterTest" name="testConvertValueWorksProperly" time="0.001"/>
  <testcase classname="com.hotels.beans.conversion.ConverterTest" name="testConvertValueWorksProperly" time="0.000"/>
  <testcase classname="com.hotels.beans.conversion.ConverterTest" name="testConvertValueWorksProperly" time="0.000"/>
  <testcase classname="com.hotels.beans.conversion.ConverterTest" name="testConvertValueWorksProperly" time="0.003"/>
  <testcase classname="com.hotels.beans.conversion.ConverterTest" name="testConvertValueWorksProperly" time="0.000"/>
  <testcase classname="com.hotels.beans.conversion.ConverterTest" name="testConvertValueWorksProperly" time="0.001"/>
  <testcase classname="com.hotels.beans.conversion.ConverterTest" name="testConvertValueWorksProperly" time="0.001"/>
  <testcase classname="com.hotels.beans.conversion.ConverterTest" name="testConvertValueWorksProperly" time="0.000"/>
  <testcase classname="com.hotels.beans.conversion.ConverterTest" name="testConvertValueWorksProperly" time="0.000"/>
  <testcase classname="com.hotels.beans.conversion.ConverterTest" name="testConvertValueWorksProperly" time="0.001"/>
  <testcase classname="com.hotels.beans.conversion.ConverterTest" name="testConvertValueWorksProperly" time="0.000"/>
  <testcase classname="com.hotels.beans.conversion.ConverterTest" name="testConvertValueWorksProperly" time="0.001"/>
  <testcase classname="com.hotels.beans.conversion.ConverterTest" name="testGetConversionFunctionReturnsTheExpectedConversionFunction" time="0.000"/>
  <testcase classname="com.hotels.beans.conversion.ConverterTest" name="testConvertValueWorksProperly" time="0.001"/>
  <testcase classname="com.hotels.beans.conversion.ConverterTest" name="testConvertValueWorksProperly" time="0.000"/>
  <testcase classname="com.hotels.beans.conversion.ConverterTest" name="testConvertValueWorksProperly" time="0.001"/>
  <testcase classname="com.hotels.beans.conversion.ConverterTest" name="testConvertValueWorksProperly" time="0.001"/>
  <testcase classname="com.hotels.beans.conversion.ConverterTest" name="testConvertValueWorksProperly" time="0.002"/>
  <testcase classname="com.hotels.beans.conversion.ConverterTest" name="testConvertValueWorksProperly" time="0.002"/>
  <testcase classname="com.hotels.beans.conversion.ConverterTest" name="testConvertValueWorksProperly" time="0.001"/>
  <testcase classname="com.hotels.beans.conversion.ConverterTest" name="testConvertValueWorksProperly" time="0.001"/>
  <testcase classname="com.hotels.beans.conversion.ConverterTest" name="testConvertValueWorksProperly" time="0.000"/>
  <testcase classname="com.hotels.beans.conversion.ConverterTest" name="testConvertValueWorksProperly" time="0.000"/>
  <testcase classname="com.hotels.beans.conversion.ConverterTest" name="testConvertValueWorksProperly" time="0.000"/>
  <testcase classname="com.hotels.beans.conversion.ConverterTest" name="testConvertValueWorksProperly" time="0.001"/>
  <testcase classname="com.hotels.beans.conversion.ConverterTest" name="testConvertValueWorksProperly" time="0.000"/>
  <testcase classname="com.hotels.beans.conversion.ConverterTest" name="testConvertValueWorksProperly" time="0.000"/>
  <testcase classname="com.hotels.beans.conversion.ConverterTest" name="testConvertValueWorksProperly" time="0.000"/>
  <testcase classname="com.hotels.beans.conversion.ConverterTest" name="testConvertValueWorksProperly" time="0.001"/>
  <testcase classname="com.hotels.beans.conversion.ConverterTest" name="testConvertValueWorksProperly" time="0.001"/>
  <testcase classname="com.hotels.beans.conversion.ConverterTest" name="testConvertValueWorksProperly" time="0.001"/>
  <testcase classname="com.hotels.beans.conversion.ConverterTest" name="testConvertValueWorksProperly" time="0.001"/>
  <testcase classname="com.hotels.beans.conversion.ConverterTest" name="testConvertValueWorksProperly" time="0.000"/>
  <testcase classname="com.hotels.beans.conversion.ConverterTest" name="testConvertValueWorksProperly" time="0.001"/>
  <testcase classname="com.hotels.beans.conversion.ConverterTest" name="testConvertValueWorksProperly" time="0.000"/>
  <testcase classname="com.hotels.beans.conversion.ConverterTest" name="testConvertValueWorksProperly" time="0.001"/>
  <testcase classname="com.hotels.beans.conversion.ConverterTest" name="testGetConversionFunctionReturnsAnEmptyOptional" time="0.000"/>
  <testcase classname="com.hotels.beans.conversion.ConverterTest" name="testConvertValueWorksProperly" time="0.000"/>
  <testcase classname="com.hotels.beans.conversion.ConverterTest" name="testGetConversionFunctionReturnsTheExpectedConversionFunction" time="0.000"/>
  <testcase classname="com.hotels.beans.conversion.ConverterTest" name="testConvertValueWorksProperly" time="0.002"/>
  <testcase classname="com.hotels.beans.conversion.ConverterTest" name="testGetConversionFunctionReturnsTheExpectedConversionFunction" time="0.000"/>
  <testcase classname="com.hotels.beans.conversion.ConverterTest" name="testConvertValueWorksProperly" time="0.000"/>
  <testcase classname="com.hotels.beans.conversion.ConverterTest" name="testConvertValueWorksProperly" time="0.000"/>
  <testcase classname="com.hotels.beans.conversion.ConverterTest" name="testConvertValueWorksProperly" time="0.001"/>
  <testcase classname="com.hotels.beans.conversion.ConverterTest" name="testConvertValueWorksProperly" time="0.001"/>
  <testcase classname="com.hotels.beans.conversion.ConverterTest" name="testConvertValueWorksProperly" time="0.000"/>
  <testcase classname="com.hotels.beans.conversion.ConverterTest" name="testConvertValueRaisesExceptionInCaseNoConverterIsDefined" time="0.039"/>
  <testcase classname="com.hotels.beans.conversion.ConverterTest" name="testConvertValueWorksProperly" time="0.001"/>
  <testcase classname="com.hotels.beans.conversion.ConverterTest" name="testConvertValueWorksProperly" time="0.001"/>
  <testcase classname="com.hotels.beans.conversion.ConverterTest" name="testConvertValueWorksProperly" time="0.002"/>
  <testcase classname="com.hotels.beans.conversion.ConverterTest" name="testConvertValueWorksProperly" time="0.000"/>
  <testcase classname="com.hotels.beans.conversion.ConverterTest" name="testConvertValueWorksProperly" time="0.000"/>
  <testcase classname="com.hotels.beans.conversion.ConverterTest" name="testConvertValueWorksProperly" time="0.000"/>
  <testcase classname="com.hotels.beans.conversion.ConverterTest" name="testConvertValueWorksProperly" time="0.000"/>
  <testcase classname="com.hotels.beans.conversion.ConverterTest" name="testConvertValueWorksProperly" time="0.001"/>
  <testcase classname="com.hotels.beans.conversion.ConverterTest" name="testConvertValueWorksProperly" time="0.000"/>
  <testcase classname="com.hotels.beans.conversion.ConverterTest" name="testConvertValueWorksProperly" time="0.000"/>
  <testcase classname="com.hotels.beans.conversion.ConverterTest" name="testConvertValueWorksProperly" time="0.001"/>
  <testcase classname="com.hotels.beans.conversion.ConverterTest" name="testConvertValueWorksProperly" time="0.000"/>
  <testcase classname="com.hotels.beans.conversion.ConverterTest" name="testConvertValueWorksProperly" time="0.000"/>
  <testcase classname="com.hotels.beans.conversion.ConverterTest" name="testConvertValueWorksProperly" time="0.001"/>
  <testcase classname="com.hotels.beans.conversion.ConverterTest" name="testGetConversionFunctionReturnsTheExpectedConversionFunction" time="0.000"/>
  <testcase classname="com.hotels.beans.conversion.ConverterTest" name="testConvertValueWorksProperly" time="0.000"/>
  <testcase classname="com.hotels.beans.conversion.ConverterTest" name="testGetConversionFunctionReturnsTheExpectedConversionFunction" time="0.000"/>
  <testcase classname="com.hotels.beans.conversion.ConverterTest" name="testGetConversionFunctionReturnsTheExpectedConversionFunction" time="0.000"/>
  <testcase classname="com.hotels.beans.conversion.ConverterTest" name="testConvertValueWorksProperly" time="0.001"/>
  <testcase classname="com.hotels.beans.conversion.ConverterTest" name="testConvertValueWorksProperly" time="0.000"/>
  <testcase classname="com.hotels.beans.conversion.ConverterTest" name="testConvertValueWorksProperly" time="0.000"/>
  <testcase classname="com.hotels.beans.conversion.ConverterTest" name="testConvertValueWorksProperly" time="0.000"/>
  <testcase classname="com.hotels.beans.conversion.ConverterTest" name="testGetConversionFunctionReturnsTheExpectedConversionFunction" time="0.000"/>
  <testcase classname="com.hotels.beans.conversion.ConverterTest" name="testGetConversionFunctionReturnsAnEmptyOptional" time="0.001"/>
  <testcase classname="com.hotels.beans.conversion.ConverterTest" name="testGetConversionFunctionReturnsTheExpectedConversionFunction" time="0.000"/>
  <testcase classname="com.hotels.beans.conversion.ConverterTest" name="testConvertValueWorksProperly" time="0.000"/>
  <testcase classname="com.hotels.beans.conversion.ConverterTest" name="testConvertValueWorksProperly" time="0.001"/>
  <testcase classname="com.hotels.beans.conversion.ConverterTest" name="testConvertValueWorksProperly" time="0.000"/>
  <testcase classname="com.hotels.beans.conversion.ConverterTest" name="testConvertValueWorksProperly" time="0.001"/>
  <testcase classname="com.hotels.beans.conversion.ConverterTest" name="testConvertValueWorksProperly" time="0.001"/>
  <testcase classname="com.hotels.beans.conversion.ConverterTest" name="testConvertValueWorksProperly" time="0.001"/>
  <testcase classname="com.hotels.beans.conversion.ConverterTest" name="testConvertValueWorksProperly" time="0.000"/>
</testsuite> <!-- com.hotels.beans.conversion.ConverterTest -->
