<?xml version="1.0" encoding="UTF-8"?>
<testsuite xmlns:xsi="http://www.w3.org/2001/XMLSchema-instance" xsi:noNamespaceSchemaLocation="https://maven.apache.org/surefire/maven-surefire-plugin/xsd/surefire-test-report.xsd" name="TestSuite" time="2.08" tests="221" errors="0" skipped="0" failures="0">
  <properties>
    <property name="gopherProxySet" value="false"/>
    <property name="awt.toolkit" value="sun.lwawt.macosx.LWCToolkit"/>
    <property name="java.specification.version" value="11"/>
    <property name="sun.cpu.isalist" value=""/>
    <property name="sonar.login" value="a7172540aa78055143a6fdfc793d6eaf1091be7b"/>
    <property name="sonar.host.url" value="https://sonarcloud.io"/>
    <property name="sun.jnu.encoding" value="UTF-8"/>
    <property name="java.class.path" value="/Users/fborriello/Documents/Development/Libraries/bull/bull-converter/target/test-classes:/Users/fborriello/Documents/Development/Libraries/bull/bull-converter/target/classes:/Users/fborriello/Documents/Development/Libraries/bull/bull-common/target/bull-common-1.5.0-SNAPSHOT.jar:/Users/fborriello/.m2/repository/org/apache/commons/commons-lang3/3.9/commons-lang3-3.9.jar:/Users/fborriello/.m2/repository/javax/validation/validation-api/2.0.1.Final/validation-api-2.0.1.Final.jar:/Users/fborriello/.m2/repository/javax/el/javax.el-api/3.0.0/javax.el-api-3.0.0.jar:/Users/fborriello/.m2/repository/org/glassfish/web/javax.el/2.2.6/javax.el-2.2.6.jar:/Users/fborriello/.m2/repository/org/hibernate/validator/hibernate-validator/6.0.17.Final/hibernate-validator-6.0.17.Final.jar:/Users/fborriello/.m2/repository/org/jboss/logging/jboss-logging/3.3.2.Final/jboss-logging-3.3.2.Final.jar:/Users/fborriello/.m2/repository/com/fasterxml/classmate/1.3.4/classmate-1.3.4.jar:/Users/fborriello/.m2/repository/org/projectlombok/lombok/1.18.8/lombok-1.18.8.jar:/Users/fborriello/.m2/repository/org/springframework/boot/spring-boot-starter-test/2.1.6.RELEASE/spring-boot-starter-test-2.1.6.RELEASE.jar:/Users/fborriello/.m2/repository/org/springframework/boot/spring-boot-starter/2.1.6.RELEASE/spring-boot-starter-2.1.6.RELEASE.jar:/Users/fborriello/.m2/repository/org/springframework/boot/spring-boot/2.1.6.RELEASE/spring-boot-2.1.6.RELEASE.jar:/Users/fborriello/.m2/repository/org/springframework/spring-context/5.1.8.RELEASE/spring-context-5.1.8.RELEASE.jar:/Users/fborriello/.m2/repository/org/springframework/spring-aop/5.1.8.RELEASE/spring-aop-5.1.8.RELEASE.jar:/Users/fborriello/.m2/repository/org/springframework/spring-beans/5.1.8.RELEASE/spring-beans-5.1.8.RELEASE.jar:/Users/fborriello/.m2/repository/org/springframework/spring-expression/5.1.8.RELEASE/spring-expression-5.1.8.RELEASE.jar:/Users/fborriello/.m2/repository/org/springframework/boot/spring-boot-autoconfigure/2.1.6.RELEASE/spring-boot-autoconfigure-2.1.6.RELEASE.jar:/Users/fborriello/.m2/repository/org/springframework/boot/spring-boot-starter-logging/2.1.6.RELEASE/spring-boot-starter-logging-2.1.6.RELEASE.jar:/Users/fborriello/.m2/repository/ch/qos/logback/logback-classic/1.2.3/logback-classic-1.2.3.jar:/Users/fborriello/.m2/repository/ch/qos/logback/logback-core/1.2.3/logback-core-1.2.3.jar:/Users/fborriello/.m2/repository/org/apache/logging/log4j/log4j-to-slf4j/2.11.2/log4j-to-slf4j-2.11.2.jar:/Users/fborriello/.m2/repository/org/apache/logging/log4j/log4j-api/2.11.2/log4j-api-2.11.2.jar:/Users/fborriello/.m2/repository/org/slf4j/jul-to-slf4j/1.7.26/jul-to-slf4j-1.7.26.jar:/Users/fborriello/.m2/repository/javax/annotation/javax.annotation-api/1.3.2/javax.annotation-api-1.3.2.jar:/Users/fborriello/.m2/repository/org/yaml/snakeyaml/1.23/snakeyaml-1.23.jar:/Users/fborriello/.m2/repository/org/springframework/boot/spring-boot-test/2.1.6.RELEASE/spring-boot-test-2.1.6.RELEASE.jar:/Users/fborriello/.m2/repository/org/springframework/boot/spring-boot-test-autoconfigure/2.1.6.RELEASE/spring-boot-test-autoconfigure-2.1.6.RELEASE.jar:/Users/fborriello/.m2/repository/com/jayway/jsonpath/json-path/2.4.0/json-path-2.4.0.jar:/Users/fborriello/.m2/repository/net/minidev/json-smart/2.3/json-smart-2.3.jar:/Users/fborriello/.m2/repository/net/minidev/accessors-smart/1.2/accessors-smart-1.2.jar:/Users/fborriello/.m2/repository/org/ow2/asm/asm/5.0.4/asm-5.0.4.jar:/Users/fborriello/.m2/repository/org/slf4j/slf4j-api/1.7.26/slf4j-api-1.7.26.jar:/Users/fborriello/.m2/repository/junit/junit/4.12/junit-4.12.jar:/Users/fborriello/.m2/repository/org/assertj/assertj-core/3.11.1/assertj-core-3.11.1.jar:/Users/fborriello/.m2/repository/org/mockito/mockito-core/2.23.4/mockito-core-2.23.4.jar:/Users/fborriello/.m2/repository/net/bytebuddy/byte-buddy/1.9.3/byte-buddy-1.9.3.jar:/Users/fborriello/.m2/repository/net/bytebuddy/byte-buddy-agent/1.9.3/byte-buddy-agent-1.9.3.jar:/Users/fborriello/.m2/repository/org/objenesis/objenesis/2.6/objenesis-2.6.jar:/Users/fborriello/.m2/repository/org/hamcrest/hamcrest-core/1.3/hamcrest-core-1.3.jar:/Users/fborriello/.m2/repository/org/hamcrest/hamcrest-library/1.3/hamcrest-library-1.3.jar:/Users/fborriello/.m2/repository/org/skyscreamer/jsonassert/1.5.0/jsonassert-1.5.0.jar:/Users/fborriello/.m2/repository/com/vaadin/external/google/android-json/0.0.20131108.vaadin1/android-json-0.0.20131108.vaadin1.jar:/Users/fborriello/.m2/repository/org/springframework/spring-core/5.1.8.RELEASE/spring-core-5.1.8.RELEASE.jar:/Users/fborriello/.m2/repository/org/springframework/spring-jcl/5.1.8.RELEASE/spring-jcl-5.1.8.RELEASE.jar:/Users/fborriello/.m2/repository/org/springframework/spring-test/5.1.8.RELEASE/spring-test-5.1.8.RELEASE.jar:/Users/fborriello/.m2/repository/org/xmlunit/xmlunit-core/2.6.2/xmlunit-core-2.6.2.jar:/Users/fborriello/.m2/repository/javax/xml/bind/jaxb-api/2.3.0/jaxb-api-2.3.0.jar:/Users/fborriello/.m2/repository/org/testng/testng/6.14.3/testng-6.14.3.jar:/Users/fborriello/.m2/repository/com/beust/jcommander/1.72/jcommander-1.72.jar:/Users/fborriello/.m2/repository/org/apache-extras/beanshell/bsh/2.0b6/bsh-2.0b6.jar:"/>
    <property name="java.vm.vendor" value="Oracle Corporation"/>
    <property name="sun.arch.data.model" value="64"/>
    <property name="java.vendor.url" value="http://java.oracle.com/"/>
    <property name="user.timezone" value=""/>
    <property name="sonar.branch.target" value="master"/>
    <property name="java.vm.specification.version" value="11"/>
    <property name="os.name" value="Mac OS X"/>
    <property name="sun.java.launcher" value="SUN_STANDARD"/>
    <property name="user.country" value="IT"/>
    <property name="sun.boot.library.path" value="/Library/Java/JavaVirtualMachines/jdk-11.0.2.jdk/Contents/Home/lib"/>
    <property name="sun.java.command" value="/Users/fborriello/Documents/Development/Libraries/bull/bull-converter/target/surefire/surefirebooter2143040739930790454.jar /Users/fborriello/Documents/Development/Libraries/bull/bull-converter/target/surefire 2019-07-16T16-34-43_647-jvmRun1 surefire11267532583716042526tmp surefire_111625825042714670146tmp"/>
    <property name="jdk.debug" value="release"/>
    <property name="surefire.test.class.path" value="/Users/fborriello/Documents/Development/Libraries/bull/bull-converter/target/test-classes:/Users/fborriello/Documents/Development/Libraries/bull/bull-converter/target/classes:/Users/fborriello/Documents/Development/Libraries/bull/bull-common/target/bull-common-1.5.0-SNAPSHOT.jar:/Users/fborriello/.m2/repository/org/apache/commons/commons-lang3/3.9/commons-lang3-3.9.jar:/Users/fborriello/.m2/repository/javax/validation/validation-api/2.0.1.Final/validation-api-2.0.1.Final.jar:/Users/fborriello/.m2/repository/javax/el/javax.el-api/3.0.0/javax.el-api-3.0.0.jar:/Users/fborriello/.m2/repository/org/glassfish/web/javax.el/2.2.6/javax.el-2.2.6.jar:/Users/fborriello/.m2/repository/org/hibernate/validator/hibernate-validator/6.0.17.Final/hibernate-validator-6.0.17.Final.jar:/Users/fborriello/.m2/repository/org/jboss/logging/jboss-logging/3.3.2.Final/jboss-logging-3.3.2.Final.jar:/Users/fborriello/.m2/repository/com/fasterxml/classmate/1.3.4/classmate-1.3.4.jar:/Users/fborriello/.m2/repository/org/projectlombok/lombok/1.18.8/lombok-1.18.8.jar:/Users/fborriello/.m2/repository/org/springframework/boot/spring-boot-starter-test/2.1.6.RELEASE/spring-boot-starter-test-2.1.6.RELEASE.jar:/Users/fborriello/.m2/repository/org/springframework/boot/spring-boot-starter/2.1.6.RELEASE/spring-boot-starter-2.1.6.RELEASE.jar:/Users/fborriello/.m2/repository/org/springframework/boot/spring-boot/2.1.6.RELEASE/spring-boot-2.1.6.RELEASE.jar:/Users/fborriello/.m2/repository/org/springframework/spring-context/5.1.8.RELEASE/spring-context-5.1.8.RELEASE.jar:/Users/fborriello/.m2/repository/org/springframework/spring-aop/5.1.8.RELEASE/spring-aop-5.1.8.RELEASE.jar:/Users/fborriello/.m2/repository/org/springframework/spring-beans/5.1.8.RELEASE/spring-beans-5.1.8.RELEASE.jar:/Users/fborriello/.m2/repository/org/springframework/spring-expression/5.1.8.RELEASE/spring-expression-5.1.8.RELEASE.jar:/Users/fborriello/.m2/repository/org/springframework/boot/spring-boot-autoconfigure/2.1.6.RELEASE/spring-boot-autoconfigure-2.1.6.RELEASE.jar:/Users/fborriello/.m2/repository/org/springframework/boot/spring-boot-starter-logging/2.1.6.RELEASE/spring-boot-starter-logging-2.1.6.RELEASE.jar:/Users/fborriello/.m2/repository/ch/qos/logback/logback-classic/1.2.3/logback-classic-1.2.3.jar:/Users/fborriello/.m2/repository/ch/qos/logback/logback-core/1.2.3/logback-core-1.2.3.jar:/Users/fborriello/.m2/repository/org/apache/logging/log4j/log4j-to-slf4j/2.11.2/log4j-to-slf4j-2.11.2.jar:/Users/fborriello/.m2/repository/org/apache/logging/log4j/log4j-api/2.11.2/log4j-api-2.11.2.jar:/Users/fborriello/.m2/repository/org/slf4j/jul-to-slf4j/1.7.26/jul-to-slf4j-1.7.26.jar:/Users/fborriello/.m2/repository/javax/annotation/javax.annotation-api/1.3.2/javax.annotation-api-1.3.2.jar:/Users/fborriello/.m2/repository/org/yaml/snakeyaml/1.23/snakeyaml-1.23.jar:/Users/fborriello/.m2/repository/org/springframework/boot/spring-boot-test/2.1.6.RELEASE/spring-boot-test-2.1.6.RELEASE.jar:/Users/fborriello/.m2/repository/org/springframework/boot/spring-boot-test-autoconfigure/2.1.6.RELEASE/spring-boot-test-autoconfigure-2.1.6.RELEASE.jar:/Users/fborriello/.m2/repository/com/jayway/jsonpath/json-path/2.4.0/json-path-2.4.0.jar:/Users/fborriello/.m2/repository/net/minidev/json-smart/2.3/json-smart-2.3.jar:/Users/fborriello/.m2/repository/net/minidev/accessors-smart/1.2/accessors-smart-1.2.jar:/Users/fborriello/.m2/repository/org/ow2/asm/asm/5.0.4/asm-5.0.4.jar:/Users/fborriello/.m2/repository/org/slf4j/slf4j-api/1.7.26/slf4j-api-1.7.26.jar:/Users/fborriello/.m2/repository/junit/junit/4.12/junit-4.12.jar:/Users/fborriello/.m2/repository/org/assertj/assertj-core/3.11.1/assertj-core-3.11.1.jar:/Users/fborriello/.m2/repository/org/mockito/mockito-core/2.23.4/mockito-core-2.23.4.jar:/Users/fborriello/.m2/repository/net/bytebuddy/byte-buddy/1.9.3/byte-buddy-1.9.3.jar:/Users/fborriello/.m2/repository/net/bytebuddy/byte-buddy-agent/1.9.3/byte-buddy-agent-1.9.3.jar:/Users/fborriello/.m2/repository/org/objenesis/objenesis/2.6/objenesis-2.6.jar:/Users/fborriello/.m2/repository/org/hamcrest/hamcrest-core/1.3/hamcrest-core-1.3.jar:/Users/fborriello/.m2/repository/org/hamcrest/hamcrest-library/1.3/hamcrest-library-1.3.jar:/Users/fborriello/.m2/repository/org/skyscreamer/jsonassert/1.5.0/jsonassert-1.5.0.jar:/Users/fborriello/.m2/repository/com/vaadin/external/google/android-json/0.0.20131108.vaadin1/android-json-0.0.20131108.vaadin1.jar:/Users/fborriello/.m2/repository/org/springframework/spring-core/5.1.8.RELEASE/spring-core-5.1.8.RELEASE.jar:/Users/fborriello/.m2/repository/org/springframework/spring-jcl/5.1.8.RELEASE/spring-jcl-5.1.8.RELEASE.jar:/Users/fborriello/.m2/repository/org/springframework/spring-test/5.1.8.RELEASE/spring-test-5.1.8.RELEASE.jar:/Users/fborriello/.m2/repository/org/xmlunit/xmlunit-core/2.6.2/xmlunit-core-2.6.2.jar:/Users/fborriello/.m2/repository/javax/xml/bind/jaxb-api/2.3.0/jaxb-api-2.3.0.jar:/Users/fborriello/.m2/repository/org/testng/testng/6.14.3/testng-6.14.3.jar:/Users/fborriello/.m2/repository/com/beust/jcommander/1.72/jcommander-1.72.jar:/Users/fborriello/.m2/repository/org/apache-extras/beanshell/bsh/2.0b6/bsh-2.0b6.jar:"/>
    <property name="sun.cpu.endian" value="little"/>
    <property name="user.home" value="/Users/fborriello"/>
    <property name="user.language" value="en"/>
    <property name="java.specification.vendor" value="Oracle Corporation"/>
    <property name="java.version.date" value="2019-01-15"/>
    <property name="java.home" value="/Library/Java/JavaVirtualMachines/jdk-11.0.2.jdk/Contents/Home"/>
    <property name="file.separator" value="/"/>
    <property name="basedir" value="/Users/fborriello/Documents/Development/Libraries/bull/bull-converter"/>
    <property name="java.vm.compressedOopsMode" value="Zero based"/>
    <property name="line.separator" value="&#10;"/>
    <property name="java.specification.name" value="Java Platform API Specification"/>
    <property name="java.vm.specification.vendor" value="Oracle Corporation"/>
    <property name="java.awt.graphicsenv" value="sun.awt.CGraphicsEnvironment"/>
    <property name="surefire.real.class.path" value="/Users/fborriello/Documents/Development/Libraries/bull/bull-converter/target/surefire/surefirebooter2143040739930790454.jar"/>
    <property name="sun.management.compiler" value="HotSpot 64-Bit Tiered Compilers"/>
    <property name="java.runtime.version" value="11.0.2+9"/>
    <property name="user.name" value="fborriello"/>
    <property name="path.separator" value=":"/>
    <property name="os.version" value="10.14.5"/>
    <property name="java.runtime.name" value="OpenJDK Runtime Environment"/>
    <property name="file.encoding" value="UTF-8"/>
    <property name="java.vm.name" value="OpenJDK 64-Bit Server VM"/>
    <property name="java.vendor.version" value="18.9"/>
    <property name="localRepository" value="/Users/fborriello/.m2/repository"/>
    <property name="java.vendor.url.bug" value="http://bugreport.java.com/bugreport/"/>
    <property name="java.io.tmpdir" value="/var/folders/1t/d2zhb8_d4kx94n3v082c8cym79mby1/T/"/>
    <property name="java.version" value="11.0.2"/>
    <property name="user.dir" value="/Users/fborriello/Documents/Development/Libraries/bull/bull-converter"/>
    <property name="os.arch" value="x86_64"/>
    <property name="java.vm.specification.name" value="Java Virtual Machine Specification"/>
    <property name="sonar.organization" value="borriello-fabio-bitbucket"/>
    <property name="java.awt.printerjob" value="sun.lwawt.macosx.CPrinterJob"/>
    <property name="sun.os.patch.level" value="unknown"/>
    <property name="sonar.projectKey" value="BULL"/>
    <property name="java.library.path" value="/Users/fborriello/Library/Java/Extensions:/Library/Java/Extensions:/Network/Library/Java/Extensions:/System/Library/Java/Extensions:/usr/lib/java:."/>
    <property name="java.vendor" value="Oracle Corporation"/>
    <property name="java.vm.info" value="mixed mode"/>
    <property name="java.vm.version" value="11.0.2+9"/>
    <property name="sun.io.unicode.encoding" value="UnicodeBig"/>
    <property name="java.class.version" value="55.0"/>
    <property name="sonar.branch.name" value="feature/basic-type-automatic-conversion"/>
  </properties>
  <testcase name="testConvertValueRaisesExceptionIfItsCalledWithNullTargetClassParam" classname="com.hotels.beans.conversion.ConverterTest" time="0.001"/>
  <testcase name="testConvertValueRaisesExceptionInCaseNoConverterIsDefined" classname="com.hotels.beans.conversion.ConverterTest" time="0.039"/>
  <testcase name="testConvertValueWorksProperly" classname="com.hotels.beans.conversion.ConverterTest" time="0.003"/>
  <testcase name="testConvertValueWorksProperly" classname="com.hotels.beans.conversion.ConverterTest" time="0.002"/>
  <testcase name="testConvertValueWorksProperly" classname="com.hotels.beans.conversion.ConverterTest" time="0.001"/>
  <testcase name="testConvertValueWorksProperly" classname="com.hotels.beans.conversion.ConverterTest" time="0"/>
  <testcase name="testConvertValueWorksProperly" classname="com.hotels.beans.conversion.ConverterTest" time="0"/>
  <testcase name="testConvertValueWorksProperly" classname="com.hotels.beans.conversion.ConverterTest" time="0.001"/>
  <testcase name="testConvertValueWorksProperly" classname="com.hotels.beans.conversion.ConverterTest" time="0.001"/>
  <testcase name="testConvertValueWorksProperly" classname="com.hotels.beans.conversion.ConverterTest" time="0"/>
  <testcase name="testConvertValueWorksProperly" classname="com.hotels.beans.conversion.ConverterTest" time="0.001"/>
  <testcase name="testConvertValueWorksProperly" classname="com.hotels.beans.conversion.ConverterTest" time="0"/>
  <testcase name="testConvertValueWorksProperly" classname="com.hotels.beans.conversion.ConverterTest" time="0"/>
  <testcase name="testConvertValueWorksProperly" classname="com.hotels.beans.conversion.ConverterTest" time="0.002"/>
  <testcase name="testConvertValueWorksProperly" classname="com.hotels.beans.conversion.ConverterTest" time="0.001"/>
  <testcase name="testConvertValueWorksProperly" classname="com.hotels.beans.conversion.ConverterTest" time="0.001"/>
  <testcase name="testConvertValueWorksProperly" classname="com.hotels.beans.conversion.ConverterTest" time="0"/>
  <testcase name="testConvertValueWorksProperly" classname="com.hotels.beans.conversion.ConverterTest" time="0.001"/>
  <testcase name="testConvertValueWorksProperly" classname="com.hotels.beans.conversion.ConverterTest" time="0"/>
  <testcase name="testConvertValueWorksProperly" classname="com.hotels.beans.conversion.ConverterTest" time="0"/>
  <testcase name="testConvertValueWorksProperly" classname="com.hotels.beans.conversion.ConverterTest" time="0"/>
  <testcase name="testConvertValueWorksProperly" classname="com.hotels.beans.conversion.ConverterTest" time="0.002"/>
  <testcase name="testConvertValueWorksProperly" classname="com.hotels.beans.conversion.ConverterTest" time="0.001"/>
  <testcase name="testConvertValueWorksProperly" classname="com.hotels.beans.conversion.ConverterTest" time="0"/>
  <testcase name="testConvertValueWorksProperly" classname="com.hotels.beans.conversion.ConverterTest" time="0"/>
  <testcase name="testConvertValueWorksProperly" classname="com.hotels.beans.conversion.ConverterTest" time="0.001"/>
  <testcase name="testConvertValueWorksProperly" classname="com.hotels.beans.conversion.ConverterTest" time="0"/>
  <testcase name="testConvertValueWorksProperly" classname="com.hotels.beans.conversion.ConverterTest" time="0.001"/>
  <testcase name="testConvertValueWorksProperly" classname="com.hotels.beans.conversion.ConverterTest" time="0.001"/>
  <testcase name="testConvertValueWorksProperly" classname="com.hotels.beans.conversion.ConverterTest" time="0.001"/>
  <testcase name="testConvertValueWorksProperly" classname="com.hotels.beans.conversion.ConverterTest" time="0.002"/>
  <testcase name="testConvertValueWorksProperly" classname="com.hotels.beans.conversion.ConverterTest" time="0"/>
  <testcase name="testConvertValueWorksProperly" classname="com.hotels.beans.conversion.ConverterTest" time="0.001"/>
  <testcase name="testConvertValueWorksProperly" classname="com.hotels.beans.conversion.ConverterTest" time="0"/>
  <testcase name="testConvertValueWorksProperly" classname="com.hotels.beans.conversion.ConverterTest" time="0.001"/>
  <testcase name="testConvertValueWorksProperly" classname="com.hotels.beans.conversion.ConverterTest" time="0"/>
  <testcase name="testConvertValueWorksProperly" classname="com.hotels.beans.conversion.ConverterTest" time="0.001"/>
  <testcase name="testConvertValueWorksProperly" classname="com.hotels.beans.conversion.ConverterTest" time="0"/>
  <testcase name="testConvertValueWorksProperly" classname="com.hotels.beans.conversion.ConverterTest" time="0.001"/>
  <testcase name="testConvertValueWorksProperly" classname="com.hotels.beans.conversion.ConverterTest" time="0.002"/>
  <testcase name="testConvertValueWorksProperly" classname="com.hotels.beans.conversion.ConverterTest" time="0"/>
  <testcase name="testConvertValueWorksProperly" classname="com.hotels.beans.conversion.ConverterTest" time="0.001"/>
  <testcase name="testConvertValueWorksProperly" classname="com.hotels.beans.conversion.ConverterTest" time="0"/>
  <testcase name="testConvertValueWorksProperly" classname="com.hotels.beans.conversion.ConverterTest" time="0"/>
  <testcase name="testConvertValueWorksProperly" classname="com.hotels.beans.conversion.ConverterTest" time="0"/>
  <testcase name="testConvertValueWorksProperly" classname="com.hotels.beans.conversion.ConverterTest" time="0.001"/>
  <testcase name="testConvertValueWorksProperly" classname="com.hotels.beans.conversion.ConverterTest" time="0"/>
  <testcase name="testConvertValueWorksProperly" classname="com.hotels.beans.conversion.ConverterTest" time="0.001"/>
  <testcase name="testConvertValueWorksProperly" classname="com.hotels.beans.conversion.ConverterTest" time="0.002"/>
  <testcase name="testConvertValueWorksProperly" classname="com.hotels.beans.conversion.ConverterTest" time="0.001"/>
  <testcase name="testConvertValueWorksProperly" classname="com.hotels.beans.conversion.ConverterTest" time="0.001"/>
  <testcase name="testConvertValueWorksProperly" classname="com.hotels.beans.conversion.ConverterTest" time="0"/>
  <testcase name="testConvertValueWorksProperly" classname="com.hotels.beans.conversion.ConverterTest" time="0"/>
  <testcase name="testConvertValueWorksProperly" classname="com.hotels.beans.conversion.ConverterTest" time="0"/>
  <testcase name="testConvertValueWorksProperly" classname="com.hotels.beans.conversion.ConverterTest" time="0.001"/>
  <testcase name="testConvertValueWorksProperly" classname="com.hotels.beans.conversion.ConverterTest" time="0"/>
  <testcase name="testConvertValueWorksProperly" classname="com.hotels.beans.conversion.ConverterTest" time="0"/>
  <testcase name="testConvertValueWorksProperly" classname="com.hotels.beans.conversion.ConverterTest" time="0.002"/>
  <testcase name="testConvertValueWorksProperly" classname="com.hotels.beans.conversion.ConverterTest" time="0.001"/>
  <testcase name="testConvertValueWorksProperly" classname="com.hotels.beans.conversion.ConverterTest" time="0"/>
  <testcase name="testConvertValueWorksProperly" classname="com.hotels.beans.conversion.ConverterTest" time="0"/>
  <testcase name="testConvertValueWorksProperly" classname="com.hotels.beans.conversion.ConverterTest" time="0"/>
  <testcase name="testConvertValueWorksProperly" classname="com.hotels.beans.conversion.ConverterTest" time="0.001"/>
  <testcase name="testConvertValueWorksProperly" classname="com.hotels.beans.conversion.ConverterTest" time="0"/>
  <testcase name="testConvertValueWorksProperly" classname="com.hotels.beans.conversion.ConverterTest" time="0"/>
  <testcase name="testConvertValueWorksProperly" classname="com.hotels.beans.conversion.ConverterTest" time="0.001"/>
  <testcase name="testConvertValueWorksProperly" classname="com.hotels.beans.conversion.ConverterTest" time="0.002"/>
  <testcase name="testConvertValueWorksProperly" classname="com.hotels.beans.conversion.ConverterTest" time="0"/>
  <testcase name="testConvertValueWorksProperly" classname="com.hotels.beans.conversion.ConverterTest" time="0.001"/>
  <testcase name="testConvertValueWorksProperly" classname="com.hotels.beans.conversion.ConverterTest" time="0.001"/>
  <testcase name="testConvertValueWorksProperly" classname="com.hotels.beans.conversion.ConverterTest" time="0.001"/>
  <testcase name="testConvertValueWorksProperly" classname="com.hotels.beans.conversion.ConverterTest" time="0.001"/>
  <testcase name="testConvertValueWorksProperly" classname="com.hotels.beans.conversion.ConverterTest" time="0"/>
  <testcase name="testConvertValueWorksProperly" classname="com.hotels.beans.conversion.ConverterTest" time="0"/>
  <testcase name="testConvertValueWorksProperly" classname="com.hotels.beans.conversion.ConverterTest" time="0.001"/>
  <testcase name="testConvertValueWorksProperly" classname="com.hotels.beans.conversion.ConverterTest" time="0.002"/>
  <testcase name="testConvertValueWorksProperly" classname="com.hotels.beans.conversion.ConverterTest" time="0.001"/>
  <testcase name="testConvertValueWorksProperly" classname="com.hotels.beans.conversion.ConverterTest" time="0.001"/>
  <testcase name="testConvertValueWorksProperly" classname="com.hotels.beans.conversion.ConverterTest" time="0"/>
  <testcase name="testConvertValueWorksProperly" classname="com.hotels.beans.conversion.ConverterTest" time="0"/>
  <testcase name="testConvertValueWorksProperly" classname="com.hotels.beans.conversion.ConverterTest" time="0.001"/>
  <testcase name="testConvertValueWorksProperly" classname="com.hotels.beans.conversion.ConverterTest" time="0"/>
  <testcase name="testConvertValueWorksProperly" classname="com.hotels.beans.conversion.ConverterTest" time="0"/>
  <testcase name="testConvertValueWorksProperly" classname="com.hotels.beans.conversion.ConverterTest" time="0.001"/>
  <testcase name="testGetConversionFunctionReturnsAnEmptyOptional" classname="com.hotels.beans.conversion.ConverterTest" time="0"/>
  <testcase name="testGetConversionFunctionReturnsAnEmptyOptional" classname="com.hotels.beans.conversion.ConverterTest" time="0.001"/>
  <testcase name="testGetConversionFunctionReturnsTheExpectedConversionFunction" classname="com.hotels.beans.conversion.ConverterTest" time="0"/>
  <testcase name="testGetConversionFunctionReturnsTheExpectedConversionFunction" classname="com.hotels.beans.conversion.ConverterTest" time="0"/>
  <testcase name="testGetConversionFunctionReturnsTheExpectedConversionFunction" classname="com.hotels.beans.conversion.ConverterTest" time="0"/>
  <testcase name="testGetConversionFunctionReturnsTheExpectedConversionFunction" classname="com.hotels.beans.conversion.ConverterTest" time="0"/>
  <testcase name="testGetConversionFunctionReturnsTheExpectedConversionFunction" classname="com.hotels.beans.conversion.ConverterTest" time="0"/>
  <testcase name="testGetConversionFunctionReturnsTheExpectedConversionFunction" classname="com.hotels.beans.conversion.ConverterTest" time="0.001"/>
  <testcase name="testGetConversionFunctionReturnsTheExpectedConversionFunction" classname="com.hotels.beans.conversion.ConverterTest" time="0"/>
  <testcase name="testGetConversionFunctionReturnsTheExpectedConversionFunction" classname="com.hotels.beans.conversion.ConverterTest" time="0"/>
  <testcase name="testGetConversionFunctionReturnsTheExpectedConversionFunction" classname="com.hotels.beans.conversion.ConverterTest" time="0"/>
  <testcase name="testConvertBooleanShouldReturnProperResult" classname="com.hotels.beans.conversion.processor.impl.ShortConversionProcessorTest" time="0"/>
  <testcase name="testConvertBooleanShouldReturnProperResult" classname="com.hotels.beans.conversion.processor.impl.ShortConversionProcessorTest" time="0"/>
  <testcase name="testConvertByteShouldReturnProperResult" classname="com.hotels.beans.conversion.processor.impl.ShortConversionProcessorTest" time="0.001"/>
  <testcase name="testConvertCharacterShouldReturnProperResult" classname="com.hotels.beans.conversion.processor.impl.ShortConversionProcessorTest" time="0"/>
  <testcase name="testConvertDoubleShouldReturnProperResult" classname="com.hotels.beans.conversion.processor.impl.ShortConversionProcessorTest" time="0"/>
  <testcase name="testConvertFloatShouldReturnProperResult" classname="com.hotels.beans.conversion.processor.impl.ShortConversionProcessorTest" time="0"/>
  <testcase name="testConvertIntegerShouldReturnProperResult" classname="com.hotels.beans.conversion.processor.impl.ShortConversionProcessorTest" time="0"/>
  <testcase name="testConvertLongShouldReturnProperResult" classname="com.hotels.beans.conversion.processor.impl.ShortConversionProcessorTest" time="0"/>
  <testcase name="testConvertShortShouldReturnProperResult" classname="com.hotels.beans.conversion.processor.impl.ShortConversionProcessorTest" time="0"/>
  <testcase name="testConvertStringShouldReturnProperResult" classname="com.hotels.beans.conversion.processor.impl.ShortConversionProcessorTest" time="0"/>
  <testcase name="testConvertBooleanShouldReturnProperResult" classname="com.hotels.beans.conversion.processor.impl.FloatConversionProcessorTest" time="0"/>
  <testcase name="testConvertBooleanShouldReturnProperResult" classname="com.hotels.beans.conversion.processor.impl.FloatConversionProcessorTest" time="0.002"/>
  <testcase name="testConvertByteShouldReturnProperResult" classname="com.hotels.beans.conversion.processor.impl.FloatConversionProcessorTest" time="0"/>
  <testcase name="testConvertCharacterShouldReturnProperResult" classname="com.hotels.beans.conversion.processor.impl.FloatConversionProcessorTest" time="0"/>
  <testcase name="testConvertDoubleShouldReturnProperResult" classname="com.hotels.beans.conversion.processor.impl.FloatConversionProcessorTest" time="0"/>
  <testcase name="testConvertFloatShouldReturnProperResult" classname="com.hotels.beans.conversion.processor.impl.FloatConversionProcessorTest" time="0"/>
  <testcase name="testConvertIntegerShouldReturnProperResult" classname="com.hotels.beans.conversion.processor.impl.FloatConversionProcessorTest" time="0"/>
  <testcase name="testConvertLongShouldReturnProperResult" classname="com.hotels.beans.conversion.processor.impl.FloatConversionProcessorTest" time="0"/>
  <testcase name="testConvertShortShouldReturnProperResult" classname="com.hotels.beans.conversion.processor.impl.FloatConversionProcessorTest" time="0"/>
  <testcase name="testConvertStringShouldReturnProperResult" classname="com.hotels.beans.conversion.processor.impl.FloatConversionProcessorTest" time="0"/>
  <testcase name="testConvertBooleanShouldReturnProperResult" classname="com.hotels.beans.conversion.processor.impl.IntegerConversionProcessorTest" time="0"/>
  <testcase name="testConvertBooleanShouldReturnProperResult" classname="com.hotels.beans.conversion.processor.impl.IntegerConversionProcessorTest" time="0"/>
  <testcase name="testConvertByteShouldReturnProperResult" classname="com.hotels.beans.conversion.processor.impl.IntegerConversionProcessorTest" time="0"/>
  <testcase name="testConvertCharacterShouldReturnProperResult" classname="com.hotels.beans.conversion.processor.impl.IntegerConversionProcessorTest" time="0"/>
  <testcase name="testConvertDoubleShouldReturnProperResult" classname="com.hotels.beans.conversion.processor.impl.IntegerConversionProcessorTest" time="0"/>
  <testcase name="testConvertFloatShouldReturnProperResult" classname="com.hotels.beans.conversion.processor.impl.IntegerConversionProcessorTest" time="0"/>
  <testcase name="testConvertIntegerShouldReturnProperResult" classname="com.hotels.beans.conversion.processor.impl.IntegerConversionProcessorTest" time="0.001"/>
  <testcase name="testConvertLongShouldReturnProperResult" classname="com.hotels.beans.conversion.processor.impl.IntegerConversionProcessorTest" time="0"/>
  <testcase name="testConvertShortShouldReturnProperResult" classname="com.hotels.beans.conversion.processor.impl.IntegerConversionProcessorTest" time="0"/>
  <testcase name="testConvertStringShouldReturnProperResult" classname="com.hotels.beans.conversion.processor.impl.IntegerConversionProcessorTest" time="0.001"/>
  <testcase name="testConvertBooleanShouldReturnProperResult" classname="com.hotels.beans.conversion.processor.impl.CharacterConversionProcessorTest" time="0"/>
  <testcase name="testConvertBooleanShouldReturnProperResult" classname="com.hotels.beans.conversion.processor.impl.CharacterConversionProcessorTest" time="0"/>
  <testcase name="testConvertByteShouldReturnProperResult" classname="com.hotels.beans.conversion.processor.impl.CharacterConversionProcessorTest" time="0"/>
  <testcase name="testConvertCharacterShouldReturnProperResult" classname="com.hotels.beans.conversion.processor.impl.CharacterConversionProcessorTest" time="0"/>
  <testcase name="testConvertDoubleShouldReturnProperResult" classname="com.hotels.beans.conversion.processor.impl.CharacterConversionProcessorTest" time="0.001"/>
  <testcase name="testConvertFloatShouldReturnProperResult" classname="com.hotels.beans.conversion.processor.impl.CharacterConversionProcessorTest" time="0"/>
  <testcase name="testConvertIntegerShouldReturnProperResult" classname="com.hotels.beans.conversion.processor.impl.CharacterConversionProcessorTest" time="0"/>
  <testcase name="testConvertLongShouldReturnProperResult" classname="com.hotels.beans.conversion.processor.impl.CharacterConversionProcessorTest" time="0.001"/>
  <testcase name="testConvertShortShouldReturnProperResult" classname="com.hotels.beans.conversion.processor.impl.CharacterConversionProcessorTest" time="0"/>
  <testcase name="testConvertStringShouldReturnProperResult" classname="com.hotels.beans.conversion.processor.impl.CharacterConversionProcessorTest" time="0"/>
  <testcase name="testConvertBooleanShouldReturnProperResult" classname="com.hotels.beans.conversion.processor.impl.StringConversionProcessorTest" time="0"/>
  <testcase name="testConvertByteShouldReturnProperResult" classname="com.hotels.beans.conversion.processor.impl.StringConversionProcessorTest" time="0"/>
  <testcase name="testConvertCharacterShouldReturnProperResult" classname="com.hotels.beans.conversion.processor.impl.StringConversionProcessorTest" time="0"/>
  <testcase name="testConvertDoubleShouldReturnProperResult" classname="com.hotels.beans.conversion.processor.impl.StringConversionProcessorTest" time="0"/>
  <testcase name="testConvertFloatShouldReturnProperResult" classname="com.hotels.beans.conversion.processor.impl.StringConversionProcessorTest" time="0"/>
  <testcase name="testConvertIntegerShouldReturnProperResult" classname="com.hotels.beans.conversion.processor.impl.StringConversionProcessorTest" time="0"/>
  <testcase name="testConvertLongShouldReturnProperResult" classname="com.hotels.beans.conversion.processor.impl.StringConversionProcessorTest" time="0.001"/>
  <testcase name="testConvertShortShouldReturnProperResult" classname="com.hotels.beans.conversion.processor.impl.StringConversionProcessorTest" time="0"/>
  <testcase name="testConvertStringShouldReturnProperResult" classname="com.hotels.beans.conversion.processor.impl.StringConversionProcessorTest" time="0"/>
  <testcase name="testConvertBooleanShouldReturnProperResult" classname="com.hotels.beans.conversion.processor.impl.BooleanConversionProcessorTest" time="0"/>
  <testcase name="testConvertByteShouldReturnProperResult" classname="com.hotels.beans.conversion.processor.impl.BooleanConversionProcessorTest" time="0"/>
  <testcase name="testConvertByteShouldReturnProperResult" classname="com.hotels.beans.conversion.processor.impl.BooleanConversionProcessorTest" time="0"/>
  <testcase name="testConvertCharacterShouldReturnProperResult" classname="com.hotels.beans.conversion.processor.impl.BooleanConversionProcessorTest" time="0"/>
  <testcase name="testConvertDoubleShouldReturnProperResult" classname="com.hotels.beans.conversion.processor.impl.BooleanConversionProcessorTest" time="0"/>
  <testcase name="testConvertDoubleShouldReturnProperResult" classname="com.hotels.beans.conversion.processor.impl.BooleanConversionProcessorTest" time="0"/>
  <testcase name="testConvertFloatShouldReturnProperResult" classname="com.hotels.beans.conversion.processor.impl.BooleanConversionProcessorTest" time="0"/>
  <testcase name="testConvertFloatShouldReturnProperResult" classname="com.hotels.beans.conversion.processor.impl.BooleanConversionProcessorTest" time="0"/>
  <testcase name="testConvertIntegerShouldReturnProperResult" classname="com.hotels.beans.conversion.processor.impl.BooleanConversionProcessorTest" time="0"/>
  <testcase name="testConvertIntegerShouldReturnProperResult" classname="com.hotels.beans.conversion.processor.impl.BooleanConversionProcessorTest" time="0"/>
  <testcase name="testConvertLongShouldReturnProperResult" classname="com.hotels.beans.conversion.processor.impl.BooleanConversionProcessorTest" time="0"/>
  <testcase name="testConvertLongShouldReturnProperResult" classname="com.hotels.beans.conversion.processor.impl.BooleanConversionProcessorTest" time="0"/>
  <testcase name="testConvertShortShouldReturnProperResult" classname="com.hotels.beans.conversion.processor.impl.BooleanConversionProcessorTest" time="0"/>
  <testcase name="testConvertShortShouldReturnProperResult" classname="com.hotels.beans.conversion.processor.impl.BooleanConversionProcessorTest" time="0"/>
  <testcase name="testConvertStringShouldReturnProperResult" classname="com.hotels.beans.conversion.processor.impl.BooleanConversionProcessorTest" time="0"/>
  <testcase name="testConvertBooleanShouldReturnProperResult" classname="com.hotels.beans.conversion.processor.impl.DoubleConversionProcessorTest" time="0"/>
  <testcase name="testConvertBooleanShouldReturnProperResult" classname="com.hotels.beans.conversion.processor.impl.DoubleConversionProcessorTest" time="0"/>
  <testcase name="testConvertByteShouldReturnProperResult" classname="com.hotels.beans.conversion.processor.impl.DoubleConversionProcessorTest" time="0"/>
  <testcase name="testConvertCharacterShouldReturnProperResult" classname="com.hotels.beans.conversion.processor.impl.DoubleConversionProcessorTest" time="0"/>
  <testcase name="testConvertDoubleShouldReturnProperResult" classname="com.hotels.beans.conversion.processor.impl.DoubleConversionProcessorTest" time="0"/>
  <testcase name="testConvertFloatShouldReturnProperResult" classname="com.hotels.beans.conversion.processor.impl.DoubleConversionProcessorTest" time="0.001"/>
  <testcase name="testConvertIntegerShouldReturnProperResult" classname="com.hotels.beans.conversion.processor.impl.DoubleConversionProcessorTest" time="0"/>
  <testcase name="testConvertLongShouldReturnProperResult" classname="com.hotels.beans.conversion.processor.impl.DoubleConversionProcessorTest" time="0"/>
  <testcase name="testConvertShortShouldReturnProperResult" classname="com.hotels.beans.conversion.processor.impl.DoubleConversionProcessorTest" time="0"/>
  <testcase name="testConvertStringShouldReturnProperResult" classname="com.hotels.beans.conversion.processor.impl.DoubleConversionProcessorTest" time="0"/>
  <testcase name="testConvertBooleanShouldReturnProperResult" classname="com.hotels.beans.conversion.processor.impl.ByteConversionProcessorTest" time="0"/>
  <testcase name="testConvertBooleanShouldReturnProperResult" classname="com.hotels.beans.conversion.processor.impl.ByteConversionProcessorTest" time="0"/>
  <testcase name="testConvertByteShouldReturnProperResult" classname="com.hotels.beans.conversion.processor.impl.ByteConversionProcessorTest" time="0"/>
  <testcase name="testConvertCharacterShouldReturnProperResult" classname="com.hotels.beans.conversion.processor.impl.ByteConversionProcessorTest" time="0"/>
  <testcase name="testConvertDoubleShouldReturnProperResult" classname="com.hotels.beans.conversion.processor.impl.ByteConversionProcessorTest" time="0"/>
  <testcase name="testConvertFloatShouldReturnProperResult" classname="com.hotels.beans.conversion.processor.impl.ByteConversionProcessorTest" time="0"/>
  <testcase name="testConvertIntegerShouldReturnProperResult" classname="com.hotels.beans.conversion.processor.impl.ByteConversionProcessorTest" time="0"/>
  <testcase name="testConvertLongShouldReturnProperResult" classname="com.hotels.beans.conversion.processor.impl.ByteConversionProcessorTest" time="0.001"/>
  <testcase name="testConvertShortShouldReturnProperResult" classname="com.hotels.beans.conversion.processor.impl.ByteConversionProcessorTest" time="0"/>
  <testcase name="testConvertStringShouldReturnProperResult" classname="com.hotels.beans.conversion.processor.impl.ByteConversionProcessorTest" time="0"/>
  <testcase name="testConvertBooleanShouldReturnProperResult" classname="com.hotels.beans.conversion.processor.impl.LongConversionProcessorTest" time="0"/>
  <testcase name="testConvertBooleanShouldReturnProperResult" classname="com.hotels.beans.conversion.processor.impl.LongConversionProcessorTest" time="0"/>
  <testcase name="testConvertByteShouldReturnProperResult" classname="com.hotels.beans.conversion.processor.impl.LongConversionProcessorTest" time="0"/>
  <testcase name="testConvertCharacterShouldReturnProperResult" classname="com.hotels.beans.conversion.processor.impl.LongConversionProcessorTest" time="0"/>
  <testcase name="testConvertDoubleShouldReturnProperResult" classname="com.hotels.beans.conversion.processor.impl.LongConversionProcessorTest" time="0"/>
  <testcase name="testConvertFloatShouldReturnProperResult" classname="com.hotels.beans.conversion.processor.impl.LongConversionProcessorTest" time="0"/>
  <testcase name="testConvertIntegerShouldReturnProperResult" classname="com.hotels.beans.conversion.processor.impl.LongConversionProcessorTest" time="0"/>
  <testcase name="testConvertLongShouldReturnProperResult" classname="com.hotels.beans.conversion.processor.impl.LongConversionProcessorTest" time="0.001"/>
  <testcase name="testConvertShortShouldReturnProperResult" classname="com.hotels.beans.conversion.processor.impl.LongConversionProcessorTest" time="0"/>
  <testcase name="testConvertStringShouldReturnProperResult" classname="com.hotels.beans.conversion.processor.impl.LongConversionProcessorTest" time="0"/>
  <testcase name="testGetConversionProcessorReturnsNullInCaseNoProcessorExistsForTheGivenType" classname="com.hotels.beans.conversion.processor.ConversionProcessorFactoryTest" time="0"/>
  <testcase name="testGetConversionProcessorWorksAsExpected" classname="com.hotels.beans.conversion.processor.ConversionProcessorFactoryTest" time="0"/>
  <testcase name="testGetConversionProcessorWorksAsExpected" classname="com.hotels.beans.conversion.processor.ConversionProcessorFactoryTest" time="0"/>
  <testcase name="testGetConversionProcessorWorksAsExpected" classname="com.hotels.beans.conversion.processor.ConversionProcessorFactoryTest" time="0"/>
  <testcase name="testGetConversionProcessorWorksAsExpected" classname="com.hotels.beans.conversion.processor.ConversionProcessorFactoryTest" time="0"/>
  <testcase name="testGetConversionProcessorWorksAsExpected" classname="com.hotels.beans.conversion.processor.ConversionProcessorFactoryTest" time="0"/>
  <testcase name="testGetConversionProcessorWorksAsExpected" classname="com.hotels.beans.conversion.processor.ConversionProcessorFactoryTest" time="0"/>
  <testcase name="testGetConversionProcessorWorksAsExpected" classname="com.hotels.beans.conversion.processor.ConversionProcessorFactoryTest" time="0"/>
  <testcase name="testGetConversionProcessorWorksAsExpected" classname="com.hotels.beans.conversion.processor.ConversionProcessorFactoryTest" time="0"/>
  <testcase name="testGetConversionProcessorWorksAsExpected" classname="com.hotels.beans.conversion.processor.ConversionProcessorFactoryTest" time="0"/>
  <testcase name="testGetConversionProcessorWorksAsExpected" classname="com.hotels.beans.conversion.processor.ConversionProcessorFactoryTest" time="0"/>
  <testcase name="testGetConversionProcessorWorksAsExpected" classname="com.hotels.beans.conversion.processor.ConversionProcessorFactoryTest" time="0"/>
  <testcase name="testGetConversionProcessorWorksAsExpected" classname="com.hotels.beans.conversion.processor.ConversionProcessorFactoryTest" time="0"/>
  <testcase name="testGetConversionProcessorWorksAsExpected" classname="com.hotels.beans.conversion.processor.ConversionProcessorFactoryTest" time="0"/>
  <testcase name="testGetConversionProcessorWorksAsExpected" classname="com.hotels.beans.conversion.processor.ConversionProcessorFactoryTest" time="0"/>
  <testcase name="testGetConversionProcessorWorksAsExpected" classname="com.hotels.beans.conversion.processor.ConversionProcessorFactoryTest" time="0"/>
  <testcase name="testGetConversionProcessorWorksAsExpected" classname="com.hotels.beans.conversion.processor.ConversionProcessorFactoryTest" time="0.001"/>
  <testcase name="testGetConversionProcessorWorksAsExpected" classname="com.hotels.beans.conversion.processor.ConversionProcessorFactoryTest" time="0"/>
  <testcase name="testGetConversionFunctionReturnsAnEmptyOptional" classname="com.hotels.beans.conversion.analyzer.ConversionAnalyzerTest" time="0"/>
  <testcase name="testGetConversionFunctionReturnsAnEmptyOptional" classname="com.hotels.beans.conversion.analyzer.ConversionAnalyzerTest" time="0"/>
  <testcase name="testGetConversionFunctionReturnsAnEmptyOptional" classname="com.hotels.beans.conversion.analyzer.ConversionAnalyzerTest" time="0"/>
  <testcase name="testGetConversionFunctionReturnsAnEmptyOptional" classname="com.hotels.beans.conversion.analyzer.ConversionAnalyzerTest" time="0.001"/>
  <testcase name="testGetConversionFunctionReturnsTheExpectedConversionFunction" classname="com.hotels.beans.conversion.analyzer.ConversionAnalyzerTest" time="0"/>
  <testcase name="testGetConversionFunctionReturnsTheExpectedConversionFunction" classname="com.hotels.beans.conversion.analyzer.ConversionAnalyzerTest" time="0"/>
  <testcase name="testGetConversionFunctionReturnsTheExpectedConversionFunction" classname="com.hotels.beans.conversion.analyzer.ConversionAnalyzerTest" time="0.001"/>
  <testcase name="testGetConversionFunctionReturnsTheExpectedConversionFunction" classname="com.hotels.beans.conversion.analyzer.ConversionAnalyzerTest" time="0"/>
  <testcase name="testGetConversionFunctionReturnsTheExpectedConversionFunction" classname="com.hotels.beans.conversion.analyzer.ConversionAnalyzerTest" time="0"/>
  <testcase name="testGetConversionFunctionReturnsTheExpectedConversionFunction" classname="com.hotels.beans.conversion.analyzer.ConversionAnalyzerTest" time="0"/>
  <testcase name="testGetConversionFunctionReturnsTheExpectedConversionFunction" classname="com.hotels.beans.conversion.analyzer.ConversionAnalyzerTest" time="0"/>
  <testcase name="testGetConversionFunctionReturnsTheExpectedConversionFunction" classname="com.hotels.beans.conversion.analyzer.ConversionAnalyzerTest" time="0"/>
  <testcase name="testGetConversionFunctionReturnsTheExpectedConversionFunction" classname="com.hotels.beans.conversion.analyzer.ConversionAnalyzerTest" time="0"/>
  <testcase name="testGetConversionFunctionReturnsTheExpectedConversionFunction" classname="com.hotels.beans.conversion.analyzer.ConversionAnalyzerTest" time="0"/>
</testsuite>